2023-10-28 21:28:39,347 INFO [main] h.j.p.m.Main [Main.java:27] Aplikacija započela s radom.
2023-10-28 21:28:39,374 WARN [main] h.j.p.m.Main [Main.java:128] Entered category [Category{description='Portable personal computer with a clamshell design, suitable for mobile use and with the ability to run on battery power.', name='Laptops'}] has already been added. Added Categories: [Lhr.java.production.model.Category;@4c40b76e
2023-10-28 21:28:39,413 WARN [main] h.j.p.m.Main [Main.java:233] Chosen item [Laptop{warrantyYears=3, category=Category{description='Portable personal computer with a clamshell design, suitable for mobile use and with the ability to run on battery power.', name='Laptops'}, width=1.68, height=22, length=31.9, productionCost=800, sellingPrice=1999.99, discount=Discount[discountAmount=10], name='Razer Blade 14'}] has already been added. Added Items: [Laptop{warrantyYears=3, category=Category{description='Portable personal computer with a clamshell design, suitable for mobile use and with the ability to run on battery power.', name='Laptops'}, width=1.68, height=22, length=31.9, productionCost=800, sellingPrice=1999.99, discount=Discount[discountAmount=10], name='Razer Blade 14'}]
2023-10-28 21:28:39,416 ERROR [main] h.j.p.m.Main [Main.java:220] All available items have been added. Possibly returning empty array.
2023-10-28 21:28:39,419 INFO [main] h.j.p.m.Main [Main.java:57] Aplikacija završila.
2023-10-28 21:33:12,197 INFO [main] h.j.p.m.Main [Main.java:27] Aplikacija započela s radom.
2023-10-28 21:33:22,167 WARN [main] h.j.p.m.Main [Main.java:128] Entered category [Category{description='Yummy', name='Food'}] has already been added. Added Categories: [Lhr.java.production.model.Category;@8b96fde
2023-10-28 21:33:48,592 WARN [main] h.j.p.m.Main [Main.java:128] Entered category [Category{description='Laptopy', name='Laptops'}] has already been added. Added Categories: [Lhr.java.production.model.Category;@8b96fde
2023-10-28 21:33:56,272 WARN [main] h.j.p.m.Main [Main.java:128] Entered category [Category{description='Yummy', name='Food'}] has already been added. Added Categories: [Lhr.java.production.model.Category;@8b96fde
2023-10-28 21:34:25,407 ERROR [main] h.j.p.m.Main [Main.java:313] Entered a number outside of specified range [1,3]. Input: 0hr.java.production.exception.InvalidRangeException: Entered a number outside of specified range [1,3]. Input: 0
2023-10-28 21:35:06,099 ERROR [main] h.j.p.m.Main [Main.java:313] Entered a number outside of specified range [1,3]. Input: 4hr.java.production.exception.InvalidRangeException: Entered a number outside of specified range [1,3]. Input: 4
2023-10-28 21:35:07,694 ERROR [main] h.j.p.m.Main [Main.java:309] Entered a string instead of a number java.util.InputMismatchException
2023-10-28 21:35:15,373 ERROR [main] h.j.p.m.Main [Main.java:344] Entered a number outside of specified range [1.0E-99,1.0E+99]. Input: 0hr.java.production.exception.InvalidRangeException: Entered a number outside of specified range [1.0E-99,1.0E+99]. Input: 0
2023-10-28 21:35:17,090 ERROR [main] h.j.p.m.Main [Main.java:340] Entered a string instead of a number java.util.InputMismatchException
2023-10-28 21:35:40,305 ERROR [main] h.j.p.m.Main [Main.java:340] Entered a string instead of a number java.util.InputMismatchException
2023-10-28 21:35:45,390 ERROR [main] h.j.p.m.Main [Main.java:344] Entered a number outside of specified range [0,100]. Input: 200hr.java.production.exception.InvalidRangeException: Entered a number outside of specified range [0,100]. Input: 200
2023-10-28 21:35:54,141 ERROR [main] h.j.p.m.Main [Main.java:313] Entered a number outside of specified range [1,2]. Input: 3hr.java.production.exception.InvalidRangeException: Entered a number outside of specified range [1,2]. Input: 3
2023-10-28 21:37:22,313 ERROR [main] h.j.p.m.Main [Main.java:313] Entered a number outside of specified range [1,5]. Input: 0hr.java.production.exception.InvalidRangeException: Entered a number outside of specified range [1,5]. Input: 0
2023-10-28 21:37:31,628 WARN [main] h.j.p.m.Main [Main.java:233] Chosen item [Item{category=Category{description='Gaming', name='Game Consoles'}, width=1, height=1, length=1, productionCost=1, sellingPrice=1, discount=Discount[discountAmount=1]%, name='a'}] has already been added. Added Items: [Item{category=Category{description='Gaming', name='Game Consoles'}, width=1, height=1, length=1, productionCost=1, sellingPrice=1, discount=Discount[discountAmount=1]%, name='a'}]
2023-10-28 21:37:36,735 WARN [main] h.j.p.m.Main [Main.java:233] Chosen item [Pizza{weightInKG=10, category=Category{description='Yummy', name='Food'}, width=2, height=2, length=2, productionCost=2, sellingPrice=2.5, discount=Discount[discountAmount=20]%, name='Pizza'}] has already been added. Added Items: [Item{category=Category{description='Gaming', name='Game Consoles'}, width=1, height=1, length=1, productionCost=1, sellingPrice=1, discount=Discount[discountAmount=1]%, name='a'}, Pizza{weightInKG=10, category=Category{description='Yummy', name='Food'}, width=2, height=2, length=2, productionCost=2, sellingPrice=2.5, discount=Discount[discountAmount=20]%, name='Pizza'}]
2023-10-28 21:37:47,353 ERROR [main] h.j.p.m.Main [Main.java:309] Entered a string instead of a number java.util.InputMismatchException
2023-10-28 21:37:49,368 WARN [main] h.j.p.m.Main [Main.java:233] Chosen item [Item{category=Category{description='Gaming', name='Game Consoles'}, width=1, height=1, length=1, productionCost=1, sellingPrice=1, discount=Discount[discountAmount=1]%, name='a'}] has already been added. Added Items: [Item{category=Category{description='Gaming', name='Game Consoles'}, width=1, height=1, length=1, productionCost=1, sellingPrice=1, discount=Discount[discountAmount=1]%, name='a'}, Pizza{weightInKG=10, category=Category{description='Yummy', name='Food'}, width=2, height=2, length=2, productionCost=2, sellingPrice=2.5, discount=Discount[discountAmount=20]%, name='Pizza'}, Pizza{weightInKG=20, category=Category{description='Yummy', name='Food'}, width=3, height=3, length=3, productionCost=3, sellingPrice=3, discount=Discount[discountAmount=3]%, name='Pizza'}]
2023-10-28 21:37:54,538 WARN [main] h.j.p.m.Main [Main.java:220] All available items have been added. Possibly returning empty array.
2023-10-28 21:38:04,604 WARN [main] h.j.p.m.Main [Main.java:233] Chosen item [Item{category=Category{description='Gaming', name='Game Consoles'}, width=1, height=1, length=1, productionCost=1, sellingPrice=1, discount=Discount[discountAmount=1]%, name='a'}] has already been added. Added Items: [Item{category=Category{description='Gaming', name='Game Consoles'}, width=1, height=1, length=1, productionCost=1, sellingPrice=1, discount=Discount[discountAmount=1]%, name='a'}]
2023-10-28 21:38:08,539 WARN [main] h.j.p.m.Main [Main.java:220] All available items have been added. Possibly returning empty array.
2023-10-28 21:38:10,983 WARN [main] h.j.p.m.Main [Main.java:220] All available items have been added. Possibly returning empty array.
2023-10-28 21:38:10,985 INFO [main] h.j.p.m.Main [Main.java:57] Aplikacija završila.
2023-10-28 21:41:29,512 INFO [main] h.j.p.m.Main [Main.java:27] Aplikacija započela s radom.
2023-10-28 21:41:40,983 INFO [main] h.j.p.m.Main [Main.java:27] Aplikacija započela s radom.
2023-10-28 21:41:41,006 WARN [main] h.j.p.m.Main [Main.java:131] Entered category [Category{description='Portable personal computer with a clamshell design, suitable for mobile use and with the ability to run on battery power.', name='Laptops'}] has already been added. Added Categories: [Lhr.java.production.model.Category;@4c40b76e
2023-10-28 21:41:41,039 WARN [main] h.j.p.m.Main [Main.java:236] Chosen item [Laptop{warrantyYears=3, category=Category{description='Portable personal computer with a clamshell design, suitable for mobile use and with the ability to run on battery power.', name='Laptops'}, width=1.68, height=22, length=31.9, productionCost=800, sellingPrice=1999.99, discount=Discount[discountAmount=10], name='Razer Blade 14'}] has already been added. Added Items: [Laptop{warrantyYears=3, category=Category{description='Portable personal computer with a clamshell design, suitable for mobile use and with the ability to run on battery power.', name='Laptops'}, width=1.68, height=22, length=31.9, productionCost=800, sellingPrice=1999.99, discount=Discount[discountAmount=10], name='Razer Blade 14'}]
2023-10-28 21:41:41,041 WARN [main] h.j.p.m.Main [Main.java:223] All available items have been added. Possibly returning empty array.
2023-10-28 21:41:41,043 INFO [main] h.j.p.m.Main [Main.java:60] Aplikacija završila.
