2023-11-14 13:32:55,847 INFO [main] h.j.p.m.Main [Main.java:43] Aplikacija započela s radom.
2023-11-14 13:32:55,869 WARN [main] h.j.p.u.ScannerInputProcessor [ScannerInputProcessor.java:57] Entered category [Laptops] has already been added. Added Categories: Food, Laptops
2023-11-14 13:32:55,888 ERROR [main] h.j.p.u.ScannerInputProcessor [ScannerInputProcessor.java:276] City not in the database: [Shenzhen]. Cities in enums: [Zagreb, Split, Rijeka, Osijek, Zadar, Slavonski Brod, Velika Gorica]
2023-11-14 13:32:55,891 WARN [main] h.j.p.u.ScannerInputProcessor [ScannerInputProcessor.java:359] Chosen item [Razer Blade 14] has already been added. Added Items: Razer Blade 14
2023-11-14 13:32:55,892 WARN [main] h.j.p.u.ScannerInputProcessor [ScannerInputProcessor.java:346] All available items have been added. Possibly returning empty array.
2023-11-14 13:33:08,230 INFO [main] h.j.p.u.ScannerInputProcessor [ScannerInputProcessor.java:338] Sorting with lambdas: 0
2023-11-14 13:33:25,710 INFO [main] h.j.p.u.ScannerInputProcessor [ScannerInputProcessor.java:338] Sorting with lambdas: 0
2023-11-14 13:33:29,270 WARN [main] h.j.p.u.ScannerInputProcessor [ScannerInputProcessor.java:346] All available items have been added. Possibly returning empty array.
2023-11-14 13:33:31,488 DEBUG [main] h.j.p.m.Main [Main.java:211] Key = [Laptops]: Values = [Macbook Pro M2 13 inch, Razer Blade 14]
2023-11-14 13:33:31,488 DEBUG [main] h.j.p.m.Main [Main.java:214] Key = [Laptops]: Most expensive: Razer Blade 14 [1799.99], Least expensive: Macbook Pro M2 13 inch [1424.05]
2023-11-14 13:33:31,489 DEBUG [main] h.j.p.m.Main [Main.java:211] Key = [Food]: Values = [Pileći medaljon, Pizza]
2023-11-14 13:33:31,489 DEBUG [main] h.j.p.m.Main [Main.java:214] Key = [Food]: Most expensive: Pizza [8.80], Least expensive: Pileći medaljon [4.50]
2023-11-14 13:33:31,489 DEBUG [main] h.j.p.m.Main [Main.java:211] Key = [Game Consoles]: Values = [Nintendo Switch]
2023-11-14 13:33:31,489 DEBUG [main] h.j.p.m.Main [Main.java:214] Key = [Game Consoles]: Most expensive: Nintendo Switch [297.49], Least expensive: Nintendo Switch [297.49]
2023-11-14 13:33:31,489 DEBUG [main] h.j.p.m.Main [Main.java:211] Key = [Edible]: Values = [Pileći medaljon, Pizza]
2023-11-14 13:33:31,489 DEBUG [main] h.j.p.m.Main [Main.java:214] Key = [Edible]: Most expensive: Pizza [8.80], Least expensive: Pileći medaljon [4.50]
2023-11-14 13:33:31,490 DEBUG [main] h.j.p.m.Main [Main.java:211] Key = [Technical]: Values = [Macbook Pro M2 13 inch, Razer Blade 14]
2023-11-14 13:33:31,490 DEBUG [main] h.j.p.m.Main [Main.java:214] Key = [Technical]: Most expensive: Razer Blade 14 [1799.99], Least expensive: Macbook Pro M2 13 inch [1424.05]
2023-11-14 13:33:31,499 INFO [main] h.j.p.m.Main [Main.java:162] Sorting with lambdas: 1
2023-11-14 13:33:31,499 INFO [main] h.j.p.m.Main [Main.java:165] Aplikacija završila.
2023-11-14 13:34:46,029 INFO [main] h.j.p.m.Main [Main.java:43] Aplikacija započela s radom.
2023-11-14 13:34:46,048 WARN [main] h.j.p.u.ScannerInputProcessor [ScannerInputProcessor.java:57] Entered category [Laptops] has already been added. Added Categories: Food, Laptops
2023-11-14 13:34:46,070 ERROR [main] h.j.p.u.ScannerInputProcessor [ScannerInputProcessor.java:276] City not in the database: [Shenzhen]. Cities in enums: [Zagreb, Split, Rijeka, Osijek, Zadar, Slavonski Brod, Velika Gorica]
2023-11-14 13:34:46,073 WARN [main] h.j.p.u.ScannerInputProcessor [ScannerInputProcessor.java:359] Chosen item [Razer Blade 14] has already been added. Added Items: Razer Blade 14
2023-11-14 13:34:46,074 WARN [main] h.j.p.u.ScannerInputProcessor [ScannerInputProcessor.java:346] All available items have been added. Possibly returning empty array.
2023-11-14 13:34:48,230 INFO [main] h.j.p.u.ScannerInputProcessor [ScannerInputProcessor.java:338] Sorting with lambdas: 510400
2023-11-14 13:34:56,693 INFO [main] h.j.p.u.ScannerInputProcessor [ScannerInputProcessor.java:338] Sorting with lambdas: 0
2023-11-14 13:34:58,543 WARN [main] h.j.p.u.ScannerInputProcessor [ScannerInputProcessor.java:346] All available items have been added. Possibly returning empty array.
2023-11-14 13:35:00,137 ERROR [main] h.j.p.u.ScannerInputProcessor [ScannerInputProcessor.java:200] Cannot choose Food Store if there are no Edible items.
2023-11-14 13:35:01,967 DEBUG [main] h.j.p.m.Main [Main.java:211] Key = [Laptops]: Values = [Macbook Pro M2 13 inch, Razer Blade 14]
2023-11-14 13:35:01,967 DEBUG [main] h.j.p.m.Main [Main.java:214] Key = [Laptops]: Most expensive: Razer Blade 14 [1799.99], Least expensive: Macbook Pro M2 13 inch [1424.05]
2023-11-14 13:35:01,967 DEBUG [main] h.j.p.m.Main [Main.java:211] Key = [Food]: Values = [Pileći medaljon, Pizza]
2023-11-14 13:35:01,967 DEBUG [main] h.j.p.m.Main [Main.java:214] Key = [Food]: Most expensive: Pizza [8.80], Least expensive: Pileći medaljon [4.50]
2023-11-14 13:35:01,967 DEBUG [main] h.j.p.m.Main [Main.java:211] Key = [Game Consoles]: Values = [Nintendo Switch]
2023-11-14 13:35:01,967 DEBUG [main] h.j.p.m.Main [Main.java:214] Key = [Game Consoles]: Most expensive: Nintendo Switch [297.49], Least expensive: Nintendo Switch [297.49]
2023-11-14 13:35:01,968 DEBUG [main] h.j.p.m.Main [Main.java:211] Key = [Edible]: Values = [Pileći medaljon, Pizza]
2023-11-14 13:35:01,968 DEBUG [main] h.j.p.m.Main [Main.java:214] Key = [Edible]: Most expensive: Pizza [8.80], Least expensive: Pileći medaljon [4.50]
2023-11-14 13:35:01,968 DEBUG [main] h.j.p.m.Main [Main.java:211] Key = [Technical]: Values = [Macbook Pro M2 13 inch, Razer Blade 14]
2023-11-14 13:35:01,968 DEBUG [main] h.j.p.m.Main [Main.java:214] Key = [Technical]: Most expensive: Razer Blade 14 [1799.99], Least expensive: Macbook Pro M2 13 inch [1424.05]
2023-11-14 13:35:01,977 INFO [main] h.j.p.m.Main [Main.java:162] Sorting without lambdas: 503200
2023-11-14 13:35:01,977 INFO [main] h.j.p.m.Main [Main.java:165] Aplikacija završila.
